Step: build-step-credential-initializer:

{"level":"warn","ts":1553774851.055378,"logger":"fallback-logger","caller":"logging/config.go:65","msg":"Fetch GitHub commit ID from kodata failed: \"ref: refs/heads/test\" is not a valid GitHub commit ID"}
{"level":"info","ts":1553774851.0560372,"logger":"fallback-logger","caller":"creds-init/main.go:40","msg":"Credentials initialized."}
Step: build-step-git-source-0:

{"level":"warn","ts":1553774851.7137177,"logger":"fallback-logger","caller":"logging/config.go:65","msg":"Fetch GitHub commit ID from kodata failed: \"ref: refs/heads/test\" is not a valid GitHub commit ID"}
{"level":"info","ts":1553774853.0388458,"logger":"fallback-logger","caller":"git-init/main.go:92","msg":"Successfully cloned \"https://github.com/amuniz-org/amuniz-golang.git\" @ \"3d5469e934ea1a6cb0a774169ead0f46268aaaef\" in path \"/workspace\""}
Step: build-step-jenkins:

Picked up _JAVA_OPTIONS: -Xmx400m
Started
Running in Durability level: PERFORMANCE_OPTIMIZED
  19.936 [id=19]	WARNING	i.f.k.c.i.VersionUsageUtils#alert: The client is using resource type 'customresourcedefinitions' with unstable version 'v1beta1'
[Pipeline] Start of Pipeline
[Pipeline] node
Running on Jenkins in /tmp/jenkinsTests.tmp/jenkins3539519635302702879test/workspace/job
[Pipeline] {
[Pipeline] stage
[Pipeline] { (Declarative: Checkout SCM)
[Pipeline] checkout
[Pipeline] }
[Pipeline] // stage
[Pipeline] withCredentials
[Pipeline] {
[Pipeline] withEnv
[Pipeline] {
[Pipeline] stage
[Pipeline] { (CI Build and push snapshot)
[Pipeline] withEnv
[Pipeline] {
[Pipeline] dir
Running in /home/jenkins/go/src/github.com/amuniz-org/amuniz-golang
[Pipeline] {
[Pipeline] checkout
[Pipeline] sh
+ make linux
CGO_ENABLED=0 GOOS=linux GOARCH=amd64 GO15VENDOREXPERIMENT=1 go build -ldflags '' -o bin/amuniz-golang main.go
[Pipeline] sh
+ export VERSION=0.0.0-SNAPSHOT-PR-3-1
+ skaffold build -f skaffold.yaml
time="2019-03-28T12:08:31Z" level=warning msg="config version (skaffold/v1alpha2) out of date: upgrading to latest (skaffold/v1beta6)"
Generating Tag for [changeme]...
Starting build...
Building [changeme]...
Sending build context to Docker daemon  525.8kBSending build context to Docker daemon  6.096MBSending build context to Docker daemon  6.502MB
Step 1/4 : FROM scratch
 ---> 
Step 2/4 : EXPOSE 8080
 ---> Using cache
 ---> d008aa216795
Step 3/4 : ENTRYPOINT /amuniz-golang
 ---> Using cache
 ---> 8317dfc895a6
Step 4/4 : COPY ./bin/ /
 ---> f395232c77f6
Successfully built f395232c77f6
The push refers to a repository [10.27.254.25:5000/amuniz-org/amuniz-golang]
f94505350fba: Preparing
f94505350fba: Pushed
0.0.0-SNAPSHOT-PR-3-1: digest: sha256:6d10278d14ce7c248f0ec9d48ea9ab1087f766a31379957a785455ff9bbb7766 size: 528
Build complete in 1.496410641s
Starting test...
Test complete in 5.435µs
changeme -> 10.27.254.25:5000/amuniz-org/amuniz-golang:0.0.0-SNAPSHOT-PR-3-1@sha256:6d10278d14ce7c248f0ec9d48ea9ab1087f766a31379957a785455ff9bbb7766
There is a new version (0.26.0) of Skaffold available. Download it at https://storage.googleapis.com/skaffold/releases/latest/skaffold-linux-amd64

[Pipeline] sh
+ jx step post build --image 10.27.254.25:5000/amuniz-org/amuniz-golang:0.0.0-SNAPSHOT-PR-3-1
[Pipeline] }
[Pipeline] // dir
[Pipeline] dir
Running in /home/jenkins/go/src/github.com/amuniz-org/amuniz-golang/charts/preview
[Pipeline] {
[Pipeline] sh
+ make preview
sed -i -e "s/version:.*/version: 0.0.0-SNAPSHOT-PR-3-1/" Chart.yaml
sed -i -e "s/version:.*/version: 0.0.0-SNAPSHOT-PR-3-1/" ../*/Chart.yaml
sed -i -e "s|repository: .*|repository: 10.27.254.25:5000\/amuniz-org\/amuniz-golang|" values.yaml
sed -i -e "s/tag: .*/tag: 0.0.0-SNAPSHOT-PR-3-1/" values.yaml
echo "  version: 0.0.0-SNAPSHOT-PR-3-1" >> requirements.yaml
jx step helm build
No $CHART_REPOSITORY defined so using the default value of: http://jenkins-x-chartmuseum:8080
Adding missing Helm repo: jenkins-x http://chartmuseum.jenkins-x.io
Successfully added Helm repository jenkins-x.
Adding missing Helm repo: releases http://jenkins-x-chartmuseum:8080
Successfully added Helm repository releases.
Adding missing Helm repo: repo5 https://chartmuseum.build.cd.jenkins-x.io
Successfully added Helm repository repo5.
[Pipeline] sh
+ jx preview --app amuniz-golang --dir ../..
Creating a preview
Commit author email is empty for: 3d5469e934ea1a6cb0a774169ead0f46268aaaef
Looking for commits in: /home/jenkins/go/src/github.com/amuniz-org/amuniz-golang/
error: users.jenkins.io "amuniz" already exists
[Pipeline] }
[Pipeline] // dir
[Pipeline] }
[Pipeline] // withEnv
[Pipeline] }
[Pipeline] // stage
[Pipeline] stage
[Pipeline] { (Build Release)
Stage "Build Release" skipped due to earlier failure(s)
[Pipeline] }
[Pipeline] // stage
[Pipeline] stage
[Pipeline] { (Promote to Environments)
Stage "Promote to Environments" skipped due to earlier failure(s)
[Pipeline] }
[Pipeline] // stage
[Pipeline] }
[Pipeline] // withEnv
[Pipeline] }
[Pipeline] // withCredentials
[Pipeline] }
[Pipeline] // node
[Pipeline] End of Pipeline
