Step: build-step-credential-initializer-5cr9b:

{"level":"warn","ts":1556096038.8082638,"logger":"fallback-logger","caller":"logging/config.go:65","msg":"Fetch GitHub commit ID from kodata failed: \"ref: refs/heads/backport-container-name-fix\" is not a valid GitHub commit ID"}
{"level":"info","ts":1556096038.8089616,"logger":"fallback-logger","caller":"creds-init/main.go:40","msg":"Credentials initialized."}
Step: build-step-git-source-amuniz-org-maven-helloworld-mas-87nxc:

{"level":"warn","ts":1556096041.0202918,"logger":"fallback-logger","caller":"logging/config.go:65","msg":"Fetch GitHub commit ID from kodata failed: \"ref: refs/heads/backport-container-name-fix\" is not a valid GitHub commit ID"}
{"level":"info","ts":1556096042.94272,"logger":"fallback-logger","caller":"git-init/main.go:99","msg":"Successfully cloned \"https://github.com/amuniz-org/maven-helloworld\" @ \"v1.0.37\" in path \"/workspace/source\""}
Step: build-step-place-tools:

Step: build-step-git-merge:

Warning failed to load version: failed to parse version -dev+9e73adc0b: No Major.Minor.Patch elements found
time="2019-04-24T08:55:30Z" level=info msg="got "
Using SHAs from PULL_REFS=master:
time="2019-04-24T08:55:30Z" level=warning msg="no SHAs to merge, falling back to initial cloned commit"
Step: build-step-setup-**-git-credentials:

Generated Git credentials file /workspace/xdg_config/git/credentials
Step: build-step-build-mvn-deploy:

Picked up _JAVA_OPTIONS: -XX:+UnlockExperimentalVMOptions -XX:+UseCGroupMemoryLimitForHeap -Dsun.zip.disableMemoryMapping=true -XX:+UseParallelGC -XX:MinHeapFreeRatio=5 -XX:MaxHeapFreeRatio=10 -XX:GCTimeRatio=4 -XX:AdaptiveSizePolicyWeight=90 -Xms10m -Xmx192m
OpenJDK 64-Bit Server VM warning: If the number of processors is expected to increase from one, then you should configure the number of parallel GC threads appropriately using -XX:ParallelGCThreads=N
[INFO] Scanning for projects...
[INFO] 
[INFO] -------------------< com.cloudbees.platform:example >-------------------
[INFO] Building example 1.0.37
[INFO] --------------------------------[ jar ]---------------------------------
[INFO] 
[INFO] --- maven-clean-plugin:2.5:clean (default-clean) @ example ---
[INFO] 
[INFO] --- maven-resources-plugin:2.6:resources (default-resources) @ example ---
[INFO] Using 'UTF-8' encoding to copy filtered resources.
[INFO] skip non existing resourceDirectory /workspace/source/src/main/resources
[INFO] 
[INFO] --- maven-compiler-plugin:3.1:compile (default-compile) @ example ---
[INFO] Changes detected - recompiling the module!
[INFO] Compiling 1 source file to /workspace/source/target/classes
[INFO] 
[INFO] --- maven-checkstyle-plugin:2.16:check (verify-style) @ example ---
[INFO] Starting audit...
/workspace/source/src/main/java/com/cloudbees/manticore/App.java:0: Missing package-info.java file.
/workspace/source/src/main/java/com/cloudbees/manticore/App.java:7:1: Utility classes should not have a public or default constructor.
/workspace/source/src/main/java/com/cloudbees/manticore/App.java:8:1: '{' should be on the previous line.
/workspace/source/src/main/java/com/cloudbees/manticore/App.java:9:5: Missing a Javadoc comment.
/workspace/source/src/main/java/com/cloudbees/manticore/App.java:9:29: '(' is followed by whitespace.
/workspace/source/src/main/java/com/cloudbees/manticore/App.java:9:30: Parameter args should be final.
/workspace/source/src/main/java/com/cloudbees/manticore/App.java:9:43: ')' is preceded with whitespace.
/workspace/source/src/main/java/com/cloudbees/manticore/App.java:10:5: '{' should be on the previous line.
/workspace/source/src/main/java/com/cloudbees/manticore/App.java:11:28: '(' is followed by whitespace.
/workspace/source/src/main/java/com/cloudbees/manticore/App.java:11:43: ')' is preceded with whitespace.
/workspace/source/src/main/java/com/cloudbees/manticore/App.java:12: Comment matches to-do format 'TODO:'.
Audit done.
[INFO] There are 11 errors reported by Checkstyle 6.2 with sun_checks.xml ruleset.
[ERROR] src/main/java/com/cloudbees/manticore/App.java[0] (javadoc) JavadocPackage: Missing package-info.java file.
[ERROR] src/main/java/com/cloudbees/manticore/App.java[7:1] (design) HideUtilityClassConstructor: Utility classes should not have a public or default constructor.
[ERROR] src/main/java/com/cloudbees/manticore/App.java[8:1] (blocks) LeftCurly: '{' should be on the previous line.
[ERROR] src/main/java/com/cloudbees/manticore/App.java[9:5] (javadoc) JavadocMethod: Missing a Javadoc comment.
[ERROR] src/main/java/com/cloudbees/manticore/App.java[9:29] (whitespace) ParenPad: '(' is followed by whitespace.
[ERROR] src/main/java/com/cloudbees/manticore/App.java[9:30] (misc) FinalParameters: Parameter args should be final.
[ERROR] src/main/java/com/cloudbees/manticore/App.java[9:43] (whitespace) ParenPad: ')' is preceded with whitespace.
[ERROR] src/main/java/com/cloudbees/manticore/App.java[10:5] (blocks) LeftCurly: '{' should be on the previous line.
[ERROR] src/main/java/com/cloudbees/manticore/App.java[11:28] (whitespace) ParenPad: '(' is followed by whitespace.
[ERROR] src/main/java/com/cloudbees/manticore/App.java[11:43] (whitespace) ParenPad: ')' is preceded with whitespace.
[ERROR] src/main/java/com/cloudbees/manticore/App.java[12] (misc) TodoComment: Comment matches to-do format 'TODO:'.
[WARNING] checkstyle:check violations detected but failOnViolation set to false
[INFO] 
[INFO] --- maven-resources-plugin:2.6:testResources (default-testResources) @ example ---
[INFO] Using 'UTF-8' encoding to copy filtered resources.
[INFO] skip non existing resourceDirectory /workspace/source/src/test/resources
[INFO] 
[INFO] --- maven-compiler-plugin:3.1:testCompile (default-testCompile) @ example ---
[INFO] Changes detected - recompiling the module!
[INFO] Compiling 1 source file to /workspace/source/target/test-classes
[INFO] 
[INFO] --- maven-surefire-plugin:3.0.0-M1:test (default-test) @ example ---
[INFO] 
[INFO] -------------------------------------------------------
[INFO]  T E S T S
[INFO] -------------------------------------------------------
[INFO] Running com.cloudbees.manticore.AppTest
[INFO] Tests run: 1, Failures: 0, Errors: 0, Skipped: 0, Time elapsed: 0.016 s - in com.cloudbees.manticore.AppTest
[INFO] 
[INFO] Results:
[INFO] 
[INFO] Tests run: 1, Failures: 0, Errors: 0, Skipped: 0
[INFO] 
[INFO] 
[INFO] --- maven-jar-plugin:2.4:jar (default-jar) @ example ---
[INFO] Building jar: /workspace/source/target/example-1.0.37.jar
[INFO] 
[INFO] >>> findbugs-maven-plugin:3.0.1:check (run-findbugs) > :findbugs @ example >>>
[INFO] 
[INFO] --- findbugs-maven-plugin:3.0.1:findbugs (findbugs) @ example ---
[INFO] Fork Value is true
     [java] Picked up _JAVA_OPTIONS: -XX:+UnlockExperimentalVMOptions -XX:+UseCGroupMemoryLimitForHeap -Dsun.zip.disableMemoryMapping=true -XX:+UseParallelGC -XX:MinHeapFreeRatio=5 -XX:MaxHeapFreeRatio=10 -XX:GCTimeRatio=4 -XX:AdaptiveSizePolicyWeight=90 -Xms10m -Xmx192m
     [java] OpenJDK 64-Bit Server VM warning: If the number of processors is expected to increase from one, then you should configure the number of parallel GC threads appropriately using -XX:ParallelGCThreads=N
     [java] Apr 24, 2019 8:56:38 AM java.util.prefs.FileSystemPreferences$1 run
     [java] INFO: Created user preferences directory.
[INFO] Done FindBugs Analysis....
[INFO] 
[INFO] <<< findbugs-maven-plugin:3.0.1:check (run-findbugs) < :findbugs @ example <<<
[INFO] 
[INFO] 
[INFO] --- findbugs-maven-plugin:3.0.1:check (run-findbugs) @ example ---
[INFO] BugInstance size is 0
[INFO] Error size is 0
[INFO] No errors/warnings found
[INFO] 
[INFO] --- maven-pmd-plugin:3.5:pmd (run-pmd) @ example ---
[WARNING] Unable to locate Source XRef to link to - DISABLED
[INFO] 
[INFO] --- maven-install-plugin:2.4:install (default-install) @ example ---
[INFO] Installing /workspace/source/target/example-1.0.37.jar to /root/.mvnrepository/com/cloudbees/platform/example/1.0.37/example-1.0.37.jar
[INFO] Installing /workspace/source/pom.xml to /root/.mvnrepository/com/cloudbees/platform/example/1.0.37/example-1.0.37.pom
[INFO] 
[INFO] --- maven-deploy-plugin:2.8.2:deploy (default-deploy) @ example ---
[INFO] Using alternate deployment repository nexus::default::http://nexus/repository/maven-releases/
[INFO] ------------------------------------------------------------------------
[INFO] BUILD SUCCESS
[INFO] ------------------------------------------------------------------------
[INFO] Total time: 01:07 min
[INFO] Finished at: 2019-04-24T08:56:50Z
[INFO] ------------------------------------------------------------------------
Step: build-step-build-skaffold-version:

v0.26.0
Step: build-step-build-container-build:

[36mINFO[0m[0000] Downloading base image openjdk:8-jdk-slim    
ERROR: logging before flag.Parse: E0424 08:56:55.138392       9 metadata.go:142] while reading 'google-dockercfg' metadata: http status code: 404 while fetching url http://metadata.google.internal./computeMetadata/v1/instance/attributes/google-dockercfg
ERROR: logging before flag.Parse: E0424 08:56:55.145017       9 metadata.go:159] while reading 'google-dockercfg-url' metadata: http status code: 404 while fetching url http://metadata.google.internal./computeMetadata/v1/instance/attributes/google-dockercfg-url
2019/04/24 08:56:55 No matching credentials were found, falling back on anonymous
[36mINFO[0m[0001] Error while retrieving image from cache: getting file info: stat /workspace/sha256:5b775869f9de8083dac219760c64ced22d0b6c31545244b1ef63837e5a9c5507: no such file or directory 
[36mINFO[0m[0001] Downloading base image openjdk:8-jdk-slim    
2019/04/24 08:56:56 No matching credentials were found, falling back on anonymous
[36mINFO[0m[0002] cmd: EXPOSE                                  
[36mINFO[0m[0002] Adding exposed port: 8080/tcp                
[36mINFO[0m[0002] Using files from context: [/workspace/source/pom.xml] 
[36mINFO[0m[0002] Using files from context: [/workspace/source/target/example-1.0.37.jar] 
[36mINFO[0m[0002] Skipping unpacking as no commands require it. 
[36mINFO[0m[0002] Taking snapshot of full filesystem...        
[36mINFO[0m[0002] ENV PORT 8080                                
[36mINFO[0m[0002] No files changed in this command, skipping snapshotting. 
[36mINFO[0m[0002] ENV CLASSPATH /opt/lib                       
[36mINFO[0m[0002] No files changed in this command, skipping snapshotting. 
[36mINFO[0m[0002] EXPOSE 8080                                  
[36mINFO[0m[0002] cmd: EXPOSE                                  
[36mINFO[0m[0002] Adding exposed port: 8080/tcp                
[36mINFO[0m[0002] No files changed in this command, skipping snapshotting. 
[36mINFO[0m[0002] Using files from context: [/workspace/source/pom.xml] 
[36mINFO[0m[0002] COPY pom.xml target/lib* /opt/lib/           
[36mINFO[0m[0002] Taking snapshot of files...                  
[36mINFO[0m[0002] Using files from context: [/workspace/source/target/example-1.0.37.jar] 
[36mINFO[0m[0002] COPY target/*.jar /opt/app.jar               
[36mINFO[0m[0002] Taking snapshot of files...                  
[36mINFO[0m[0002] WORKDIR /opt                                 
[36mINFO[0m[0002] cmd: workdir                                 
[36mINFO[0m[0002] Changed working directory to /opt            
[36mINFO[0m[0002] No files changed in this command, skipping snapshotting. 
[36mINFO[0m[0002] CMD ["java", "-XX:+UnlockExperimentalVMOptions", "-XX:+UseCGroupMemoryLimitForHeap", "-jar", "app.jar"] 
[36mINFO[0m[0002] No files changed in this command, skipping snapshotting. 
2019/04/24 08:56:57 pushed blob: sha256:870dd4b9b6d0ba96a76a7afe957e06212917a1b573e72bee126f8d38398c367e
2019/04/24 08:56:57 pushed blob: sha256:baf917820c050ea3dab55e77e26819de402e813c8b139011f02ead2a426a8b04
2019/04/24 08:56:57 pushed blob: sha256:183ee6fc0026c25e281a23261a4a2865e349ff6d7afef9b4f53cba9b706d426d
2019/04/24 08:56:57 pushed blob: sha256:9b053055f644af725a07611b2e29b1d9aa52bf8bd04db344ca086794cbe523cb
2019/04/24 08:56:57 pushed blob: sha256:9019de9fce5f74bfb1abcbec71bbcb5c81916617cc4697889772607263281abc
2019/04/24 08:56:57 pushed blob: sha256:16d944e3d00df7bedd2f9a6aa678132a1fb785f7d56b16fdf24c22d5c7c3b7a1
2019/04/24 08:56:58 pushed blob: sha256:27833a3ba0a545deda33bb01eaf95a14d05d43bf30bce9267d92d17f069fe897
2019/04/24 08:56:59 pushed blob: sha256:1c80aca6b8ec87a87c2200276a5e098ed72ca708e8befa0b8951e019be98a90c
2019/04/24 08:56:59 10.27.240.53:5000/amuniz-org/maven-helloworld:1.0.37: digest: sha256:dbec0362a1dc4c92fb35f5687f6498be09a3a35bffbbe82cbe2750b551f79ec7 size: 1399
Step: build-step-build-post-build:

no CVE provider running in the current ** namespace so skip adding image to be analysed
Step: build-step-promote-changelog:

Converted /workspace/source/charts/maven-helloworld to an unshallow repository
Generating change log from git ref 1.0 => 4e5239dfd8fd85ca1f108e8f3c05a990593fc8fa
WARNING: Failed to enrich commits with issues: User.jenkins.io "" is invalid: metadata.name: Required value: name or generateName is required
WARNING: Failed to enrich commits with issues: User.jenkins.io "" is invalid: metadata.name: Required value: name or generateName is required
Finding issues in commit messages using git format
WARNING: Failed to enrich commits with issues: User.jenkins.io "" is invalid: metadata.name: Required value: name or generateName is required
WARNING: Failed to enrich commits with issues: User.jenkins.io "" is invalid: metadata.name: Required value: name or generateName is required
WARNING: Failed to enrich commits with issues: User.jenkins.io "" is invalid: metadata.name: Required value: name or generateName is required
WARNING: Failed to enrich commits with issues: User.jenkins.io "" is invalid: metadata.name: Required value: name or generateName is required
WARNING: Failed to enrich commits with issues: User.jenkins.io "" is invalid: metadata.name: Required value: name or generateName is required
WARNING: Failed to enrich commits with issues: User.jenkins.io "" is invalid: metadata.name: Required value: name or generateName is required
WARNING: Failed to enrich commits with issues: User.jenkins.io "" is invalid: metadata.name: Required value: name or generateName is required
WARNING: Failed to enrich commits with issues: User.jenkins.io "" is invalid: metadata.name: Required value: name or generateName is required
WARNING: Failed to enrich commits with issues: User.jenkins.io "" is invalid: metadata.name: Required value: name or generateName is required
WARNING: Failed to enrich commits with issues: User.jenkins.io "" is invalid: metadata.name: Required value: name or generateName is required
WARNING: Failed to enrich commits with issues: User.jenkins.io "" is invalid: metadata.name: Required value: name or generateName is required
WARNING: Failed to enrich commits with issues: User.jenkins.io "" is invalid: metadata.name: Required value: name or generateName is required
Associating user amuniz in users.jenkins.io with email amunizmartin@gmail.com to git GitProvider user with login -0 as emails match
Adding label jenkins.io/git-github-userid=-0 to user amuniz in users.jenkins.io
WARNING: Failed to enrich commits with issues: User.jenkins.io "amuniz" is invalid: metadata.labels: Invalid value: "-0": a valid label must be an empty string or consist of alphanumeric characters, '-', '_' or '.', and must start and end with an alphanumeric character (e.g. 'MyValue',  or 'my_value',  or '12345', regex used for validation is '(([A-Za-z0-9][-A-Za-z0-9_.]*)?[A-Za-z0-9])?')
Associating user amuniz in users.jenkins.io with email amunizmartin@gmail.com to git GitProvider user with login -0 as emails match
Adding label jenkins.io/git-github-userid=-0 to user amuniz in users.jenkins.io
WARNING: Failed to enrich commits with issues: User.jenkins.io "amuniz" is invalid: metadata.labels: Invalid value: "-0": a valid label must be an empty string or consist of alphanumeric characters, '-', '_' or '.', and must start and end with an alphanumeric character (e.g. 'MyValue',  or 'my_value',  or '12345', regex used for validation is '(([A-Za-z0-9][-A-Za-z0-9_.]*)?[A-Za-z0-9])?')
Associating user amuniz in users.jenkins.io with email amunizmartin@gmail.com to git GitProvider user with login -0 as emails match
Adding label jenkins.io/git-github-userid=-0 to user amuniz in users.jenkins.io
WARNING: Failed to enrich commits with issues: User.jenkins.io "amuniz" is invalid: metadata.labels: Invalid value: "-0": a valid label must be an empty string or consist of alphanumeric characters, '-', '_' or '.', and must start and end with an alphanumeric character (e.g. 'MyValue',  or 'my_value',  or '12345', regex used for validation is '(([A-Za-z0-9][-A-Za-z0-9_.]*)?[A-Za-z0-9])?')
Associating user amuniz in users.jenkins.io with email amunizmartin@gmail.com to git GitProvider user with login -0 as emails match
Adding label jenkins.io/git-github-userid=-0 to user amuniz in users.jenkins.io
WARNING: Failed to enrich commits with issues: User.jenkins.io "amuniz" is invalid: metadata.labels: Invalid value: "-0": a valid label must be an empty string or consist of alphanumeric characters, '-', '_' or '.', and must start and end with an alphanumeric character (e.g. 'MyValue',  or 'my_value',  or '12345', regex used for validation is '(([A-Za-z0-9][-A-Za-z0-9_.]*)?[A-Za-z0-9])?')
WARNING: Failed to enrich commits with issues: users.jenkins.io "amuniz-0" already exists
WARNING: Failed to enrich commits with issues: User.jenkins.io "" is invalid: metadata.name: Required value: name or generateName is required
WARNING: Failed to enrich commits with issues: User.jenkins.io "" is invalid: metadata.name: Required value: name or generateName is required
WARNING: Failed to enrich commits with issues: User.jenkins.io "" is invalid: metadata.name: Required value: name or generateName is required
WARNING: Failed to enrich commits with issues: User.jenkins.io "" is invalid: metadata.name: Required value: name or generateName is required
WARNING: Failed to enrich commits with issues: User.jenkins.io "" is invalid: metadata.name: Required value: name or generateName is required
WARNING: Failed to enrich commits with issues: User.jenkins.io "" is invalid: metadata.name: Required value: name or generateName is required
WARNING: Failed to enrich commits with issues: User.jenkins.io "" is invalid: metadata.name: Required value: name or generateName is required
WARNING: Failed to enrich commits with issues: User.jenkins.io "" is invalid: metadata.name: Required value: name or generateName is required
WARNING: Failed to enrich commits with issues: User.jenkins.io "" is invalid: metadata.name: Required value: name or generateName is required
WARNING: Failed to enrich commits with issues: User.jenkins.io "" is invalid: metadata.name: Required value: name or generateName is required
WARNING: Failed to enrich commits with issues: User.jenkins.io "" is invalid: metadata.name: Required value: name or generateName is required
WARNING: Failed to enrich commits with issues: User.jenkins.io "" is invalid: metadata.name: Required value: name or generateName is required
WARNING: Failed to enrich commits with issues: User.jenkins.io "" is invalid: metadata.name: Required value: name or generateName is required
WARNING: Failed to enrich commits with issues: User.jenkins.io "" is invalid: metadata.name: Required value: name or generateName is required
WARNING: Failed to enrich commits with issues: User.jenkins.io "" is invalid: metadata.name: Required value: name or generateName is required
WARNING: Failed to enrich commits with issues: User.jenkins.io "" is invalid: metadata.name: Required value: name or generateName is required
WARNING: Failed to enrich commits with issues: User.jenkins.io "" is invalid: metadata.name: Required value: name or generateName is required
WARNING: Failed to enrich commits with issues: User.jenkins.io "" is invalid: metadata.name: Required value: name or generateName is required
WARNING: Failed to enrich commits with issues: User.jenkins.io "" is invalid: metadata.name: Required value: name or generateName is required
WARNING: Failed to enrich commits with issues: User.jenkins.io "" is invalid: metadata.name: Required value: name or generateName is required
WARNING: Failed to enrich commits with issues: User.jenkins.io "" is invalid: metadata.name: Required value: name or generateName is required
WARNING: Failed to enrich commits with issues: User.jenkins.io "" is invalid: metadata.name: Required value: name or generateName is required
WARNING: Failed to enrich commits with issues: User.jenkins.io "" is invalid: metadata.name: Required value: name or generateName is required
WARNING: Failed to enrich commits with issues: User.jenkins.io "" is invalid: metadata.name: Required value: name or generateName is required
WARNING: Failed to enrich commits with issues: User.jenkins.io "" is invalid: metadata.name: Required value: name or generateName is required
WARNING: Failed to enrich commits with issues: User.jenkins.io "" is invalid: metadata.name: Required value: name or generateName is required
WARNING: Failed to enrich commits with issues: User.jenkins.io "" is invalid: metadata.name: Required value: name or generateName is required
WARNING: Failed to enrich commits with issues: User.jenkins.io "" is invalid: metadata.name: Required value: name or generateName is required
WARNING: Failed to enrich commits with issues: User.jenkins.io "" is invalid: metadata.name: Required value: name or generateName is required
WARNING: Failed to enrich commits with issues: User.jenkins.io "" is invalid: metadata.name: Required value: name or generateName is required
WARNING: Failed to enrich commits with issues: User.jenkins.io "" is invalid: metadata.name: Required value: name or generateName is required
WARNING: Failed to enrich commits with issues: User.jenkins.io "" is invalid: metadata.name: Required value: name or generateName is required
WARNING: Failed to enrich commits with issues: User.jenkins.io "" is invalid: metadata.name: Required value: name or generateName is required
WARNING: Failed to enrich commits with issues: User.jenkins.io "" is invalid: metadata.name: Required value: name or generateName is required
WARNING: Failed to enrich commits with issues: User.jenkins.io "" is invalid: metadata.name: Required value: name or generateName is required
WARNING: Failed to enrich commits with issues: User.jenkins.io "" is invalid: metadata.name: Required value: name or generateName is required
WARNING: Failed to enrich commits with issues: User.jenkins.io "" is invalid: metadata.name: Required value: name or generateName is required
WARNING: Failed to enrich commits with issues: User.jenkins.io "" is invalid: metadata.name: Required value: name or generateName is required
WARNING: Failed to enrich commits with issues: User.jenkins.io "" is invalid: metadata.name: Required value: name or generateName is required
WARNING: Failed to enrich commits with issues: User.jenkins.io "" is invalid: metadata.name: Required value: name or generateName is required
WARNING: Failed to enrich commits with issues: User.jenkins.io "" is invalid: metadata.name: Required value: name or generateName is required
WARNING: Failed to enrich commits with issues: User.jenkins.io "" is invalid: metadata.name: Required value: name or generateName is required
WARNING: Failed to enrich commits with issues: User.jenkins.io "" is invalid: metadata.name: Required value: name or generateName is required
WARNING: Failed to enrich commits with issues: User.jenkins.io "" is invalid: metadata.name: Required value: name or generateName is required
WARNING: Failed to enrich commits with issues: User.jenkins.io "" is invalid: metadata.name: Required value: name or generateName is required
WARNING: Failed to enrich commits with issues: User.jenkins.io "" is invalid: metadata.name: Required value: name or generateName is required
WARNING: No release found for amuniz-org/maven-helloworld and tag v1.0.37 so creating a new release
Updated the release information at https://github.com/amuniz-org/maven-helloworld/releases/tag/v1.0.37
generated: /workspace/source/charts/maven-helloworld/templates/release.yaml
Created Release maven-helloworld-1-0-37 resource in namespace **
Updating PipelineActivity amuniz-org-maven-helloworld-master-2 with version 1.0.37
Updated PipelineActivities amuniz-org-maven-helloworld-master-2 with release notes URL: https://github.com/amuniz-org/maven-helloworld/releases/tag/v1.0.37
Step: build-step-promote-helm-release:

WARNING: No $CHART_REPOSITORY defined so using the default value of: http://jenkins-x-chartmuseum:8080
Adding missing Helm repo: chartmuseum.jenkins-x.io http://chartmuseum.jenkins-x.io
Successfully added Helm repository chartmuseum.jenkins-x.io.
Adding missing Helm repo: jenkins-x-chartmuseum http://jenkins-x-chartmuseum:8080
Successfully added Helm repository jenkins-x-chartmuseum.
WARNING: No $CHART_REPOSITORY defined so using the default value of: http://jenkins-x-chartmuseum:8080
Uploading chart file maven-helloworld-1.0.37.tgz to http://jenkins-x-chartmuseum:8080/api/charts
Received 201 response: {"saved":true}
Step: build-step-promote-**-promote:

WARNING: prow based install so skip waiting for the merge of Pull Requests to go green as currently there is an issue with gettingstatuses from the PR, see https://github.com/jenkins-x/**/issues/2410
Promoting app maven-helloworld version 1.0.37 to namespace **-staging
WARNING: Waiting for the fork of **************/environment-ridercalico-staging to appear...
Forked Git repository to https://github.com/**************/environment-ridercalico-staging

Created Pull Request: https://github.com/amuniz-org/environment-ridercalico-staging/pull/2

Rebasing PullRequest due to conflict
Created Pull Request: https://github.com/amuniz-org/environment-ridercalico-staging/pull/3

Pull Request https://github.com/amuniz-org/environment-ridercalico-staging/pull/3 is merged at sha 8d1046c90b189a077fb74580d880b94e89100a43
Pull Request merged but we are not waiting for the update pipeline to complete!
WARNING: Could not find the service URL in namespace **-staging for names maven-helloworld, **-maven-helloworld, **-staging-maven-helloworld
